<?xml version="1.0" encoding="UTF-8"?>
<testsuite xmlns:xsi="http://www.w3.org/2001/XMLSchema-instance" xsi:noNamespaceSchemaLocation="https://maven.apache.org/surefire/maven-surefire-plugin/xsd/surefire-test-report.xsd" name="thulva.satish.spreadsheet.calculator.expressions.ExpressionParserTest" time="0.043" tests="5" errors="0" skipped="0" failures="0">
  <properties>
[...]
</properties>
  <testcase name="parseCellAliasExpression" classname="thulva.satish.spreadsheet.calculator.expressions.ExpressionParserTest" time="0.005"/>
  <testcase name="testAddition" classname="thulva.satish.spreadsheet.calculator.expressions.ExpressionParserTest" time="0.003"/>
  <testcase name="testUnaryOperator" classname="thulva.satish.spreadsheet.calculator.expressions.ExpressionParserTest" time="0.001"/>
  <testcase name="testNegativeValues" classname="thulva.satish.spreadsheet.calculator.expressions.ExpressionParserTest" time="0.002"/>
  <testcase name="parseConstantExpression" classname="thulva.satish.spreadsheet.calculator.expressions.ExpressionParserTest" time="0.001"/>
</testsuite>